2023-04-14 18:59:58.488  INFO 45944 --- [restartedMain] t.ManageSystem.ManageSystemApplication   : Starting ManageSystemApplication using Java 11.0.16.1 on gimminseong-ui-MacBookAir.local with PID 45944 (/Users/gimminseong/Desktop/TKO_annual_leave/BE/build/classes/java/main started by gimminseong in /Users/gimminseong/Desktop/TKO_annual_leave)
2023-04-14 18:59:58.490  INFO 45944 --- [restartedMain] t.ManageSystem.ManageSystemApplication   : The following 2 profiles are active: "test", "local"
2023-04-14 18:59:58.628  INFO 45944 --- [restartedMain] .e.DevToolsPropertyDefaultsPostProcessor : Devtools property defaults active! Set 'spring.devtools.add-properties' to 'false' to disable
2023-04-14 18:59:58.629  INFO 45944 --- [restartedMain] .e.DevToolsPropertyDefaultsPostProcessor : For additional web related logging consider setting the 'logging.level.web' property to 'DEBUG'
2023-04-14 19:00:00.959  INFO 45944 --- [restartedMain] o.s.b.w.embedded.tomcat.TomcatWebServer  : Tomcat initialized with port(s): 8080 (http)
2023-04-14 19:00:00.982  INFO 45944 --- [restartedMain] o.apache.catalina.core.StandardService   : Starting service [Tomcat]
2023-04-14 19:00:00.982  INFO 45944 --- [restartedMain] org.apache.catalina.core.StandardEngine  : Starting Servlet engine: [Apache Tomcat/9.0.73]
2023-04-14 19:00:01.119  INFO 45944 --- [restartedMain] o.a.c.c.C.[Tomcat].[localhost].[/]       : Initializing Spring embedded WebApplicationContext
2023-04-14 19:00:01.119  INFO 45944 --- [restartedMain] w.s.c.ServletWebServerApplicationContext : Root WebApplicationContext: initialization completed in 2490 ms
2023-04-14 19:00:02.716  INFO 45944 --- [restartedMain] pertySourcedRequestMappingHandlerMapping : Mapped URL path [/v2/api-docs] onto method [springfox.documentation.swagger2.web.Swagger2Controller#getDocumentation(String, HttpServletRequest)]
2023-04-14 19:00:03.143  INFO 45944 --- [restartedMain] o.s.b.d.a.OptionalLiveReloadServer       : LiveReload server is running on port 35729
2023-04-14 19:00:03.883  INFO 45944 --- [restartedMain] o.s.b.w.embedded.tomcat.TomcatWebServer  : Tomcat started on port(s): 8080 (http) with context path ''
2023-04-14 19:00:03.885  INFO 45944 --- [restartedMain] d.s.w.p.DocumentationPluginsBootstrapper : Context refreshed
2023-04-14 19:00:03.935  INFO 45944 --- [restartedMain] d.s.w.p.DocumentationPluginsBootstrapper : Found 1 custom documentation plugin(s)
2023-04-14 19:00:03.995  INFO 45944 --- [restartedMain] s.d.s.w.s.ApiListingReferenceScanner     : Scanning for api listing references
2023-04-14 19:00:04.341  INFO 45944 --- [restartedMain] t.ManageSystem.ManageSystemApplication   : Started ManageSystemApplication in 6.766 seconds (JVM running for 7.88)
2023-04-14 19:00:18.080  INFO 45944 --- [http-nio-8080-exec-1] o.a.c.c.C.[Tomcat].[localhost].[/]       : Initializing Spring DispatcherServlet 'dispatcherServlet'
2023-04-14 19:00:18.083  INFO 45944 --- [http-nio-8080-exec-1] o.s.web.servlet.DispatcherServlet        : Initializing Servlet 'dispatcherServlet'
2023-04-14 19:00:18.091  INFO 45944 --- [http-nio-8080-exec-1] o.s.web.servlet.DispatcherServlet        : Completed initialization in 8 ms
2023-04-14 19:00:41.001  INFO 46084 --- [restartedMain] t.ManageSystem.ManageSystemApplication   : Starting ManageSystemApplication using Java 11.0.16.1 on gimminseong-ui-MacBookAir.local with PID 46084 (/Users/gimminseong/Desktop/TKO_annual_leave/BE/build/classes/java/main started by gimminseong in /Users/gimminseong/Desktop/TKO_annual_leave)
2023-04-14 19:00:41.002  INFO 46084 --- [restartedMain] t.ManageSystem.ManageSystemApplication   : The following 2 profiles are active: "test", "local"
2023-04-14 19:00:41.090  INFO 46084 --- [restartedMain] .e.DevToolsPropertyDefaultsPostProcessor : Devtools property defaults active! Set 'spring.devtools.add-properties' to 'false' to disable
2023-04-14 19:00:41.091  INFO 46084 --- [restartedMain] .e.DevToolsPropertyDefaultsPostProcessor : For additional web related logging consider setting the 'logging.level.web' property to 'DEBUG'
2023-04-14 19:00:42.877  INFO 46084 --- [restartedMain] o.s.b.w.embedded.tomcat.TomcatWebServer  : Tomcat initialized with port(s): 8080 (http)
2023-04-14 19:00:42.891  INFO 46084 --- [restartedMain] o.apache.catalina.core.StandardService   : Starting service [Tomcat]
2023-04-14 19:00:42.892  INFO 46084 --- [restartedMain] org.apache.catalina.core.StandardEngine  : Starting Servlet engine: [Apache Tomcat/9.0.73]
2023-04-14 19:00:42.993  INFO 46084 --- [restartedMain] o.a.c.c.C.[Tomcat].[localhost].[/]       : Initializing Spring embedded WebApplicationContext
2023-04-14 19:00:42.993  INFO 46084 --- [restartedMain] w.s.c.ServletWebServerApplicationContext : Root WebApplicationContext: initialization completed in 1902 ms
2023-04-14 19:00:43.709  INFO 46084 --- [restartedMain] pertySourcedRequestMappingHandlerMapping : Mapped URL path [/v2/api-docs] onto method [springfox.documentation.swagger2.web.Swagger2Controller#getDocumentation(String, HttpServletRequest)]
2023-04-14 19:00:43.841  INFO 46084 --- [restartedMain] o.s.b.d.a.OptionalLiveReloadServer       : LiveReload server is running on port 35729
2023-04-14 19:00:44.154  INFO 46084 --- [restartedMain] o.s.b.w.embedded.tomcat.TomcatWebServer  : Tomcat started on port(s): 8080 (http) with context path ''
2023-04-14 19:00:44.155  INFO 46084 --- [restartedMain] d.s.w.p.DocumentationPluginsBootstrapper : Context refreshed
2023-04-14 19:00:44.178  INFO 46084 --- [restartedMain] d.s.w.p.DocumentationPluginsBootstrapper : Found 1 custom documentation plugin(s)
2023-04-14 19:00:44.205  INFO 46084 --- [restartedMain] s.d.s.w.s.ApiListingReferenceScanner     : Scanning for api listing references
2023-04-14 19:00:44.386  INFO 46084 --- [restartedMain] t.ManageSystem.ManageSystemApplication   : Started ManageSystemApplication in 3.914 seconds (JVM running for 4.622)
2023-04-14 19:00:46.022  INFO 46084 --- [http-nio-8080-exec-1] o.a.c.c.C.[Tomcat].[localhost].[/]       : Initializing Spring DispatcherServlet 'dispatcherServlet'
2023-04-14 19:00:46.023  INFO 46084 --- [http-nio-8080-exec-1] o.s.web.servlet.DispatcherServlet        : Initializing Servlet 'dispatcherServlet'
2023-04-14 19:00:46.025  INFO 46084 --- [http-nio-8080-exec-1] o.s.web.servlet.DispatcherServlet        : Completed initialization in 1 ms
2023-04-14 19:01:20.325  INFO 46134 --- [restartedMain] t.ManageSystem.ManageSystemApplication   : Starting ManageSystemApplication using Java 11.0.16.1 on gimminseong-ui-MacBookAir.local with PID 46134 (/Users/gimminseong/Desktop/TKO_annual_leave/BE/build/classes/java/main started by gimminseong in /Users/gimminseong/Desktop/TKO_annual_leave)
2023-04-14 19:01:20.326  INFO 46134 --- [restartedMain] t.ManageSystem.ManageSystemApplication   : The following 2 profiles are active: "test", "local"
2023-04-14 19:01:20.414  INFO 46134 --- [restartedMain] .e.DevToolsPropertyDefaultsPostProcessor : Devtools property defaults active! Set 'spring.devtools.add-properties' to 'false' to disable
2023-04-14 19:01:20.415  INFO 46134 --- [restartedMain] .e.DevToolsPropertyDefaultsPostProcessor : For additional web related logging consider setting the 'logging.level.web' property to 'DEBUG'
2023-04-14 19:01:22.000  INFO 46134 --- [restartedMain] o.s.b.w.embedded.tomcat.TomcatWebServer  : Tomcat initialized with port(s): 8080 (http)
2023-04-14 19:01:22.014  INFO 46134 --- [restartedMain] o.apache.catalina.core.StandardService   : Starting service [Tomcat]
2023-04-14 19:01:22.015  INFO 46134 --- [restartedMain] org.apache.catalina.core.StandardEngine  : Starting Servlet engine: [Apache Tomcat/9.0.73]
2023-04-14 19:01:22.108  INFO 46134 --- [restartedMain] o.a.c.c.C.[Tomcat].[localhost].[/]       : Initializing Spring embedded WebApplicationContext
2023-04-14 19:01:22.109  INFO 46134 --- [restartedMain] w.s.c.ServletWebServerApplicationContext : Root WebApplicationContext: initialization completed in 1694 ms
2023-04-14 19:01:22.838  INFO 46134 --- [restartedMain] pertySourcedRequestMappingHandlerMapping : Mapped URL path [/v2/api-docs] onto method [springfox.documentation.swagger2.web.Swagger2Controller#getDocumentation(String, HttpServletRequest)]
2023-04-14 19:01:22.976  INFO 46134 --- [restartedMain] o.s.b.d.a.OptionalLiveReloadServer       : LiveReload server is running on port 35729
2023-04-14 19:01:23.327  INFO 46134 --- [restartedMain] o.s.b.w.embedded.tomcat.TomcatWebServer  : Tomcat started on port(s): 8080 (http) with context path ''
2023-04-14 19:01:23.329  INFO 46134 --- [restartedMain] d.s.w.p.DocumentationPluginsBootstrapper : Context refreshed
2023-04-14 19:01:23.368  INFO 46134 --- [restartedMain] d.s.w.p.DocumentationPluginsBootstrapper : Found 1 custom documentation plugin(s)
2023-04-14 19:01:23.416  INFO 46134 --- [restartedMain] s.d.s.w.s.ApiListingReferenceScanner     : Scanning for api listing references
2023-04-14 19:01:23.643  INFO 46134 --- [restartedMain] t.ManageSystem.ManageSystemApplication   : Started ManageSystemApplication in 3.824 seconds (JVM running for 4.471)
2023-04-14 19:01:25.385  INFO 46134 --- [http-nio-8080-exec-1] o.a.c.c.C.[Tomcat].[localhost].[/]       : Initializing Spring DispatcherServlet 'dispatcherServlet'
2023-04-14 19:01:25.385  INFO 46134 --- [http-nio-8080-exec-1] o.s.web.servlet.DispatcherServlet        : Initializing Servlet 'dispatcherServlet'
2023-04-14 19:01:25.386  INFO 46134 --- [http-nio-8080-exec-1] o.s.web.servlet.DispatcherServlet        : Completed initialization in 1 ms
2023-04-14 19:01:48.009  INFO 46192 --- [restartedMain] t.ManageSystem.ManageSystemApplication   : Starting ManageSystemApplication using Java 11.0.16.1 on gimminseong-ui-MacBookAir.local with PID 46192 (/Users/gimminseong/Desktop/TKO_annual_leave/BE/build/classes/java/main started by gimminseong in /Users/gimminseong/Desktop/TKO_annual_leave)
2023-04-14 19:01:48.011  INFO 46192 --- [restartedMain] t.ManageSystem.ManageSystemApplication   : The following 2 profiles are active: "test", "local"
2023-04-14 19:01:48.109  INFO 46192 --- [restartedMain] .e.DevToolsPropertyDefaultsPostProcessor : Devtools property defaults active! Set 'spring.devtools.add-properties' to 'false' to disable
2023-04-14 19:01:48.109  INFO 46192 --- [restartedMain] .e.DevToolsPropertyDefaultsPostProcessor : For additional web related logging consider setting the 'logging.level.web' property to 'DEBUG'
2023-04-14 19:01:50.140  INFO 46192 --- [restartedMain] o.s.b.w.embedded.tomcat.TomcatWebServer  : Tomcat initialized with port(s): 8080 (http)
2023-04-14 19:01:50.158  INFO 46192 --- [restartedMain] o.apache.catalina.core.StandardService   : Starting service [Tomcat]
2023-04-14 19:01:50.159  INFO 46192 --- [restartedMain] org.apache.catalina.core.StandardEngine  : Starting Servlet engine: [Apache Tomcat/9.0.73]
2023-04-14 19:01:50.278  INFO 46192 --- [restartedMain] o.a.c.c.C.[Tomcat].[localhost].[/]       : Initializing Spring embedded WebApplicationContext
2023-04-14 19:01:50.279  INFO 46192 --- [restartedMain] w.s.c.ServletWebServerApplicationContext : Root WebApplicationContext: initialization completed in 2168 ms
2023-04-14 19:01:51.167  INFO 46192 --- [restartedMain] pertySourcedRequestMappingHandlerMapping : Mapped URL path [/v2/api-docs] onto method [springfox.documentation.swagger2.web.Swagger2Controller#getDocumentation(String, HttpServletRequest)]
2023-04-14 19:01:51.405  INFO 46192 --- [restartedMain] o.s.b.d.a.OptionalLiveReloadServer       : LiveReload server is running on port 35729
2023-04-14 19:01:51.485  INFO 46192 --- [restartedMain] o.s.b.a.w.s.WelcomePageHandlerMapping    : Adding welcome page template: index
2023-04-14 19:01:51.974  INFO 46192 --- [restartedMain] o.s.b.w.embedded.tomcat.TomcatWebServer  : Tomcat started on port(s): 8080 (http) with context path ''
2023-04-14 19:01:51.976  INFO 46192 --- [restartedMain] d.s.w.p.DocumentationPluginsBootstrapper : Context refreshed
2023-04-14 19:01:52.015  INFO 46192 --- [restartedMain] d.s.w.p.DocumentationPluginsBootstrapper : Found 1 custom documentation plugin(s)
2023-04-14 19:01:52.063  INFO 46192 --- [restartedMain] s.d.s.w.s.ApiListingReferenceScanner     : Scanning for api listing references
2023-04-14 19:01:52.301  INFO 46192 --- [restartedMain] t.ManageSystem.ManageSystemApplication   : Started ManageSystemApplication in 5.051 seconds (JVM running for 6.024)
2023-04-14 19:01:56.323  INFO 46192 --- [http-nio-8080-exec-1] o.a.c.c.C.[Tomcat].[localhost].[/]       : Initializing Spring DispatcherServlet 'dispatcherServlet'
2023-04-14 19:01:56.324  INFO 46192 --- [http-nio-8080-exec-1] o.s.web.servlet.DispatcherServlet        : Initializing Servlet 'dispatcherServlet'
2023-04-14 19:01:56.328  INFO 46192 --- [http-nio-8080-exec-1] o.s.web.servlet.DispatcherServlet        : Completed initialization in 4 ms
2023-04-14 19:02:45.849  INFO 46397 --- [restartedMain] t.ManageSystem.ManageSystemApplication   : Starting ManageSystemApplication using Java 11.0.16.1 on gimminseong-ui-MacBookAir.local with PID 46397 (/Users/gimminseong/Desktop/TKO_annual_leave/BE/build/classes/java/main started by gimminseong in /Users/gimminseong/Desktop/TKO_annual_leave)
2023-04-14 19:02:45.850  INFO 46397 --- [restartedMain] t.ManageSystem.ManageSystemApplication   : The following 2 profiles are active: "test", "local"
2023-04-14 19:02:45.926  INFO 46397 --- [restartedMain] .e.DevToolsPropertyDefaultsPostProcessor : Devtools property defaults active! Set 'spring.devtools.add-properties' to 'false' to disable
2023-04-14 19:02:45.927  INFO 46397 --- [restartedMain] .e.DevToolsPropertyDefaultsPostProcessor : For additional web related logging consider setting the 'logging.level.web' property to 'DEBUG'
2023-04-14 19:02:47.619  INFO 46397 --- [restartedMain] o.s.b.w.embedded.tomcat.TomcatWebServer  : Tomcat initialized with port(s): 8080 (http)
2023-04-14 19:02:47.648  INFO 46397 --- [restartedMain] o.apache.catalina.core.StandardService   : Starting service [Tomcat]
2023-04-14 19:02:47.649  INFO 46397 --- [restartedMain] org.apache.catalina.core.StandardEngine  : Starting Servlet engine: [Apache Tomcat/9.0.73]
2023-04-14 19:02:47.783  INFO 46397 --- [restartedMain] o.a.c.c.C.[Tomcat].[localhost].[/]       : Initializing Spring embedded WebApplicationContext
2023-04-14 19:02:47.783  INFO 46397 --- [restartedMain] w.s.c.ServletWebServerApplicationContext : Root WebApplicationContext: initialization completed in 1856 ms
2023-04-14 19:02:48.665  INFO 46397 --- [restartedMain] pertySourcedRequestMappingHandlerMapping : Mapped URL path [/v2/api-docs] onto method [springfox.documentation.swagger2.web.Swagger2Controller#getDocumentation(String, HttpServletRequest)]
2023-04-14 19:02:48.798  INFO 46397 --- [restartedMain] o.s.b.d.a.OptionalLiveReloadServer       : LiveReload server is running on port 35729
2023-04-14 19:02:48.835  INFO 46397 --- [restartedMain] o.s.b.a.w.s.WelcomePageHandlerMapping    : Adding welcome page template: index
2023-04-14 19:02:49.141  INFO 46397 --- [restartedMain] o.s.b.w.embedded.tomcat.TomcatWebServer  : Tomcat started on port(s): 8080 (http) with context path ''
2023-04-14 19:02:49.142  INFO 46397 --- [restartedMain] d.s.w.p.DocumentationPluginsBootstrapper : Context refreshed
2023-04-14 19:02:49.177  INFO 46397 --- [restartedMain] d.s.w.p.DocumentationPluginsBootstrapper : Found 1 custom documentation plugin(s)
2023-04-14 19:02:49.211  INFO 46397 --- [restartedMain] s.d.s.w.s.ApiListingReferenceScanner     : Scanning for api listing references
2023-04-14 19:02:49.424  INFO 46397 --- [restartedMain] t.ManageSystem.ManageSystemApplication   : Started ManageSystemApplication in 4.241 seconds (JVM running for 4.835)
2023-04-14 19:02:50.635  INFO 46397 --- [http-nio-8080-exec-1] o.a.c.c.C.[Tomcat].[localhost].[/]       : Initializing Spring DispatcherServlet 'dispatcherServlet'
2023-04-14 19:02:50.636  INFO 46397 --- [http-nio-8080-exec-1] o.s.web.servlet.DispatcherServlet        : Initializing Servlet 'dispatcherServlet'
2023-04-14 19:02:50.641  INFO 46397 --- [http-nio-8080-exec-1] o.s.web.servlet.DispatcherServlet        : Completed initialization in 5 ms
